2021-09-12 03:17:14 INFO  UsersManager:32 - test
2021-09-12 03:37:47 INFO  UsersManager:32 - test
  2021-09-12 03:38:32 INFO  UsersManager:32 - test
  2021-09-12 03:38:58 INFO  UserManagerDAO:52 - 11Login new user: admin
  2021-09-12 03:39:09 INFO  UsersManager:141 - Add new user: Drag
  2021-09-12 04:28:47 INFO  UserManagerDAO:52 - Login user: admin
  2021-09-13 20:14:19 INFO  LogoutServlet:52 - Login user: admin
  2021-09-15 20:26:06 INFO  LogoutServlet:52 - Login user: admin
  2021-09-16 03:38:52 INFO  LogoutServlet:52 - Login user: admin
  2021-09-16 03:40:41 INFO  LogoutServlet:52 - Login user: admin
  2021-09-16 03:41:53 INFO  LogoutServlet:52 - Logging user: admin
  2021-09-16 04:14:54 ERROR UsersManager:152 - Cant addUserjava.sql.SQLIntegrityConstraintViolationException: Column 'Gender' cannot be null
  2021-09-16 04:21:18 ERROR UsersManager:152 - Cant addUserjava.sql.SQLIntegrityConstraintViolationException: Column 'Gender' cannot be null
  2021-09-16 04:21:28 ERROR UsersManager:152 - Cant addUserjava.sql.SQLIntegrityConstraintViolationException: Column 'Gender' cannot be null
  2021-09-16 04:25:57 INFO  UsersManager:141 - Add new user: G2
  2021-09-16 20:01:16 INFO  LogoutServlet:52 - Logging user: admin
  2021-09-17 01:10:25 INFO  UsersManager:141 - Add new user: admin
  2021-09-17 01:11:16 INFO  LogoutServlet:52 - Logging user: admin
  2021-09-17 01:45:52 INFO  LogoutServlet:52 - Logging user: admin
  2021-09-17 01:51:12 INFO  LogoutServlet:52 - Logging user: admin
  2021-09-17 01:52:55 INFO  LogoutServlet:52 - Logging user: admin
  2021-09-17 02:45:39 INFO  LogoutServlet:52 - Logging user: admin
  2021-09-17 03:22:44 INFO  LogoutServlet:52 - Logging user: admin
  2021-09-17 03:36:08 INFO  UsersManager:141 - Add new user: user
  2021-09-17 03:36:24 INFO  LogoutServlet:52 - Logging user: user
  2021-09-17 03:37:55 INFO  LogoutServlet:52 - Logging user: user
  2021-09-17 03:45:33 INFO  LogoutServlet:52 - Logging user: admin
  2021-09-17 04:37:22 INFO  LogoutServlet:52 - Logging user: admin
  2021-09-17 04:47:30 INFO  LogoutServlet:52 - Logging user: admin
  2021-09-17 04:51:23 INFO  LogoutServlet:52 - Logging user: admin
  2021-09-17 04:54:58 INFO  LogoutServlet:52 - Logging user: admin
  2021-09-17 04:56:14 INFO  LogoutServlet:52 - Logging user: admin
  2021-09-17 04:57:39 INFO  LogoutServlet:52 - Logging user: admin
  2021-09-17 04:59:57 INFO  LogoutServlet:52 - Logging user: admin
  2021-09-17 05:00:55 INFO  LogoutServlet:52 - Logging user: admin
  2021-09-17 05:11:16 INFO  LogoutServlet:52 - Logging user: admin
  